<?xml version="1.0" encoding="UTF-8"?>
<!-- Generated by org.testng.reporters.JUnitReportReporter -->
<testsuite hostname="YY102312" name="test.philips.com.testsuite.Login" tests="1" failures="0" timestamp="24 Jan 2018 11:20:11 GMT" time="17.722" errors="0">
  <testcase name="loginTest" time="17.722" classname="test.philips.com.testsuite.Login"/>
</testsuite> <!-- test.philips.com.testsuite.Login -->
