<?xml version="1.0" encoding="UTF-8"?>
<!-- Generated by org.testng.reporters.JUnitReportReporter -->
<testsuite hostname="YY102312" name="test.philips.com.testsuite.AddHeroTestCases" tests="1" failures="0" timestamp="9 Feb 2018 16:09:52 GMT" time="240.886" errors="0">
  <testcase name="addHeroTest" time="240.886" classname="test.philips.com.testsuite.AddHeroTestCases"/>
</testsuite> <!-- test.philips.com.testsuite.AddHeroTestCases -->
