<?xml version="1.0" encoding="UTF-8"?>
<!-- Generated by org.testng.reporters.JUnitReportReporter -->
<testsuite hostname="YY102312" name="test.philips.com.network.HttpUtils" tests="1" failures="0" timestamp="9 Feb 2018 09:36:16 GMT" time="5.151" errors="0">
  <testcase name="uploadResultsToTfs" time="5.151" classname="test.philips.com.network.HttpUtils"/>
</testsuite> <!-- test.philips.com.network.HttpUtils -->
