<?xml version="1.0" encoding="UTF-8"?>
<!-- Generated by org.testng.reporters.JUnitReportReporter -->
<testsuite hostname="YY102312" name="test.philips.com.testsuite.LoginTestCases" tests="1" failures="0" timestamp="28 Feb 2018 05:14:04 GMT" time="17.198" errors="0">
  <testcase name="loginTest" time="17.198" classname="test.philips.com.testsuite.LoginTestCases"/>
</testsuite> <!-- test.philips.com.testsuite.LoginTestCases -->
