<?xml version="1.0" encoding="UTF-8"?>
<!-- Generated by org.testng.reporters.JUnitReportReporter -->
<testsuite hostname="YY102312" name="test.philips.com.testsuite.LoginTestCases" tests="1" failures="0" timestamp="13 Mar 2018 12:04:30 GMT" time="20.734" errors="0">
  <testcase name="loginTest" time="20.734" classname="test.philips.com.testsuite.LoginTestCases"/>
</testsuite> <!-- test.philips.com.testsuite.LoginTestCases -->
